<?xml version="1.0" encoding="UTF-8"?>
<!-- Generated by org.testng.reporters.JUnitReportReporter -->
<testsuite hostname="YY-20140411EUNJ" name="org.testng.test.DataProviderWithExcel_001" tests="2" failures="0" timestamp="11 Nov 2014 12:57:24 GMT" time="22.364" errors="0">
  <testcase name="Registration_data" time="11.903" classname="org.testng.test.DataProviderWithExcel_001"/>
  <testcase name="Registration_data" time="10.461" classname="org.testng.test.DataProviderWithExcel_001"/>
</testsuite> <!-- org.testng.test.DataProviderWithExcel_001 -->
