<?xml version="1.0" encoding="UTF-8"?>
<!-- Generated by org.testng.reporters.JUnitReportReporter -->
<testsuite hostname="YY-20140411EUNJ" name="org.testng.test.Testexcel" tests="1" failures="0" timestamp="11 Nov 2014 12:58:17 GMT" time="14.148" errors="0">
  <testcase name="registry" time="14.148" classname="org.testng.test.Testexcel"/>
</testsuite> <!-- org.testng.test.Testexcel -->
