<?xml version="1.0" encoding="UTF-8"?>
<!-- Generated by org.testng.reporters.JUnitReportReporter -->
<testsuite hostname="YY-20140411EUNJ" name="org.testng.test.JDlogin" tests="1" failures="0" timestamp="21 Nov 2014 12:45:26 GMT" time="15.979" errors="0">
  <testcase name="test" time="15.979" classname="org.testng.test.JDlogin"/>
</testsuite> <!-- org.testng.test.JDlogin -->
