<?xml version="1.0" encoding="UTF-8"?>
<!-- Generated by org.testng.reporters.JUnitReportReporter -->
<testsuite hostname="YY-20140411EUNJ" name="org.testng.test.baidu" tests="1" failures="0" timestamp="4 Nov 2014 07:44:27 GMT" time="6.025" errors="0">
  <testcase name="testSearchMyBlog" time="6.025" classname="org.testng.test.baidu"/>
</testsuite> <!-- org.testng.test.baidu -->
